<!DOCTYPE html PUBLIC "-//W3C//DTD XHTML 1.1//EN" "https://www.w3.org/TR/xhtml11/DTD/xhtml11.dtd">
<html xmlns="https://www.w3.org/1999/xhtml">
<head>
<meta http-equiv="content-type" content="text/html; charset=UTF-8"/>
<title>TestNG Report</title>
<style type="text/css">table {margin-bottom:10px;border-collapse:collapse;empty-cells:show}th,td {border:1px solid #009;padding:.25em .5em}th {vertical-align:bottom}td {vertical-align:top}table a {font-weight:bold}.stripe td {background-color: #E6EBF9}.num {text-align:right}.passedodd td {background-color: #3F3}.passedeven td {background-color: #0A0}.skippedodd td {background-color: #DDD}.skippedeven td {background-color: #CCC}.failedodd td,.attn {background-color: #F33}.failedeven td,.stripe .attn {background-color: #D00}.stacktrace {white-space:pre;font-family:monospace}.totop {font-size:85%;text-align:center;border-bottom:2px solid #000}.invisible {display:none}</style>
</head>
<body>
<table>
<tr><th>Test</th><th># Passed</th><th># Skipped</th><th># Retried</th><th># Failed</th><th>Time (ms)</th><th>Included Groups</th><th>Excluded Groups</th></tr>
<tr><th colspan="8">Projet_RedmineSuite</th></tr>
<tr><td><a href="#t0">Projet_RedmineTest</a></td><td class="num">1</td><td class="num">0</td><td class="num">0</td><td class="num attn">4</td><td class="num">39 589</td><td></td><td></td></tr>
</table>
<table id='summary'><thead><tr><th>Class</th><th>Method</th><th>Start</th><th>Time (ms)</th></tr></thead><tbody><tr><th colspan="4">Projet_RedmineSuite</th></tr></tbody><tbody id="t0"><tr><th colspan="4">Projet_RedmineTest &#8212; failed</th></tr><tr class="failedeven"><td rowspan="1">testCases.TC_01_EnregistrerNouveauCompte</td><td><a href="#m0">test_Enregistrer_NouveauCompte</a></td><td rowspan="1">1702920363753</td><td rowspan="1">1493</td></tr><tr class="failedodd"><td rowspan="1">testCases.TC_03_CreationNouveauProjet_Redmine</td><td><a href="#m1">test_NouveauProjet</a></td><td rowspan="1">1702920348245</td><td rowspan="1">12799</td></tr><tr class="failedeven"><td rowspan="1">testCases.TC_04_Modifier_ProjetRedmine</td><td><a href="#m2">test_Modifier</a></td><td rowspan="1">1702920371779</td><td rowspan="1">3111</td></tr><tr class="failedodd"><td rowspan="1">testCases.TC_05_Copier_ProjetRedmine</td><td><a href="#m3">test_Modifier</a></td><td rowspan="1">1702920378013</td><td rowspan="1">4060</td></tr><tr><th colspan="4">Projet_RedmineTest &#8212; passed</th></tr><tr class="passedeven"><td rowspan="1">testCases.TC_02_ConnexionRedmine</td><td><a href="#m4">ConnexionRedmine_Test</a></td><td rowspan="1">1702920368233</td><td rowspan="1">931</td></tr></tbody>
</table>
<h2>Projet_RedmineTest</h2><h3 id="m0">testCases.TC_01_EnregistrerNouveauCompte#test_Enregistrer_NouveauCompte</h3><table class="result"><tr><th>Exception</th></tr><tr><td><div class="stacktrace">java.lang.AssertionError: Test failed expected [Votre compte a Ã©tÃ© crÃ©Ã© et attend l&apos;approbation de l&apos;administrateur.] but found [Votre compte a été créé et attend l&apos;approbation de l&apos;administrateur.]
	at testCases.TC_01_EnregistrerNouveauCompte.test_Enregistrer_NouveauCompte(TC_01_EnregistrerNouveauCompte.java:45)
	at java.base/java.util.ArrayList.forEach(ArrayList.java:1511)
... Removed 36 stack frames</div></td></tr></table><p class="totop"><a href="#summary">back to summary</a></p>
<h3 id="m1">testCases.TC_03_CreationNouveauProjet_Redmine#test_NouveauProjet</h3><table class="result"><tr><th>Exception</th></tr><tr><td><div class="stacktrace">java.lang.AssertionError: null
	at testCases.TC_03_CreationNouveauProjet_Redmine.test_NouveauProjet(TC_03_CreationNouveauProjet_Redmine.java:57)
	at java.base/java.util.ArrayList.forEach(ArrayList.java:1511)
... Removed 33 stack frames</div></td></tr></table><p class="totop"><a href="#summary">back to summary</a></p>
<h3 id="m2">testCases.TC_04_Modifier_ProjetRedmine#test_Modifier</h3><table class="result"><tr><th>Exception</th></tr><tr><td><div class="stacktrace">java.lang.AssertionError: Test failed expected [Mise Ã  jour effectuÃ©e avec succÃ¨s.] but found [Mise à jour effectuée avec succès.]
	at testCases.TC_04_Modifier_ProjetRedmine.test_Modifier(TC_04_Modifier_ProjetRedmine.java:55)
	at java.base/java.util.ArrayList.forEach(ArrayList.java:1511)
... Removed 36 stack frames</div></td></tr></table><p class="totop"><a href="#summary">back to summary</a></p>
<h3 id="m3">testCases.TC_05_Copier_ProjetRedmine#test_Modifier</h3><table class="result"><tr><th>Exception</th></tr><tr><td><div class="stacktrace">java.lang.AssertionError: Test failed expected [Mise Ã  jour effectuÃ©e avec succÃ¨s.] but found [Mise à jour effectuée avec succès.]
	at testCases.TC_05_Copier_ProjetRedmine.test_Modifier(TC_05_Copier_ProjetRedmine.java:61)
	at java.base/java.util.ArrayList.forEach(ArrayList.java:1511)
... Removed 36 stack frames</div></td></tr></table><p class="totop"><a href="#summary">back to summary</a></p>
<h3 id="m4">testCases.TC_02_ConnexionRedmine#ConnexionRedmine_Test</h3><table class="result"><tr><th class="invisible"/></tr></table><p class="totop"><a href="#summary">back to summary</a></p>
</body>
</html>
